Performing C SOURCE FILE Test CMAKE_HAVE_LIBC_PTHREAD failed with the following output:
Change Dir: /workspace/build/CMakeFiles/CMakeScratch/TryCompile-b27lFb

Run Build Command(s):/usr/bin/ninja cmTC_46f50 && [1/2] Building C object CMakeFiles/cmTC_46f50.dir/src.c.o
[2/2] Linking C executable cmTC_46f50
FAILED: cmTC_46f50 
: && /usr/bin/cc   CMakeFiles/cmTC_46f50.dir/src.c.o -o cmTC_46f50   && :
/usr/bin/ld: CMakeFiles/cmTC_46f50.dir/src.c.o: in function `main':
src.c:(.text+0x46): undefined reference to `pthread_create'
/usr/bin/ld: src.c:(.text+0x52): undefined reference to `pthread_detach'
/usr/bin/ld: src.c:(.text+0x5e): undefined reference to `pthread_cancel'
/usr/bin/ld: src.c:(.text+0x6f): undefined reference to `pthread_join'
collect2: error: ld returned 1 exit status
ninja: build stopped: subcommand failed.


Source file was:
#include <pthread.h>

static void* test_func(void* data)
{
  return data;
}

int main(void)
{
  pthread_t thread;
  pthread_create(&thread, NULL, test_func, NULL);
  pthread_detach(thread);
  pthread_cancel(thread);
  pthread_join(thread, NULL);
  pthread_atfork(NULL, NULL, NULL);
  pthread_exit(NULL);

  return 0;
}


Determining if the function pthread_create exists in the pthreads failed with the following output:
Change Dir: /workspace/build/CMakeFiles/CMakeScratch/TryCompile-fDZYLb

Run Build Command(s):/usr/bin/ninja cmTC_b76e2 && [1/2] Building C object CMakeFiles/cmTC_b76e2.dir/CheckFunctionExists.c.o
[2/2] Linking C executable cmTC_b76e2
FAILED: cmTC_b76e2 
: && /usr/bin/cc -DCHECK_FUNCTION_EXISTS=pthread_create  CMakeFiles/cmTC_b76e2.dir/CheckFunctionExists.c.o -o cmTC_b76e2  -lpthreads && :
/usr/bin/ld: cannot find -lpthreads
collect2: error: ld returned 1 exit status
ninja: build stopped: subcommand failed.



